<!DOCTYPE html PUBLIC "-//W3C//DTD XHTML 1.1//EN" "https://www.w3.org/TR/xhtml11/DTD/xhtml11.dtd">
<html xmlns="https://www.w3.org/1999/xhtml">
<head>
<meta charset='utf-8'>
<title>TestNG Report</title>
<style type="text/css">
table {margin-bottom:10px;border-collapse:collapse;empty-cells:show}
td,th {border:1px solid #009;padding:.25em .5em}
.result th {vertical-align:bottom}
.param th {padding-left:1em;padding-right:1em}
.param td {padding-left:.5em;padding-right:2em}
.stripe td,.stripe th {background-color: #E6EBF9}
.numi,.numi_attn {text-align:right}
.total td {font-weight:bold}
.passedodd td {background-color: #0A0}
.passedeven td {background-color: #3F3}
.skippedodd td {background-color: #CCC}
.skippedodd td {background-color: #DDD}
.failedodd td,.numi_attn {background-color: #F33}
.failedeven td,.stripe .numi_attn {background-color: #D00}
.stacktrace {white-space:pre;font-family:monospace}
.totop {font-size:85%;text-align:center;border-bottom:2px solid #000}
</style>
</head>
<body>
<table cellspacing="0" cellpadding="0" class="testOverview">
<tr><th>Test</th><th>Methods<br/>Passed</th><th>Scenarios<br/>Passed</th><th># skipped</th><th># failed</th><th>Total<br/>Time</th><th>Included<br/>Groups</th><th>Excluded<br/>Groups</th></tr>
<tr><td style="text-align:left;padding-right:2em"><a href="#t1">Smoke Test</a></td><td class="numi">40</td><td class="numi">34</td><td class="numi">0</td><td class="numi_attn">9</td><td class="numi">197.0 seconds</td><td class="numi"></td><td class="numi"></td></tr>
</table>
<table cellspacing="0" cellpadding="0" class="methodOverview" id="summary">
<tr><th>Class</th><th>Method</th><th># of<br/>Scenarios</th><th>Start</th><th>Time<br/>(ms)</th></tr>
<tr id="t1"><th colspan="5">Smoke Test &#8212; failed</th></tr>
<tr class="failedodd"><td rowspan="9">features.F03_ContinueBuyingProcess</td><td><a href="#m1"><b>Buying_with_Invalid_input_PostalCode</b>  </a></td><td class="numi">2</td><td>1730214466717</td><td class="numi">5272</td></tr><tr class="failedodd"><td><a href="#m2"><b>Buying_with_Invalid_input_LastName</b>  </a></td><td class="numi">2</td><td>1730214451371</td><td class="numi">5916</td></tr><tr class="failedodd"><td><a href="#m3"><b>Buying_with_Invalid_input_PostalCode</b>  </a></td><td class="numi">2</td><td>1730214466717</td><td class="numi">5272</td></tr><tr class="failedodd"><td><a href="#m4"><b>Buying_with_Invalid_input_FirstName</b>  </a></td><td class="numi">2</td><td>1730214436659</td><td class="numi">5843</td></tr><tr class="failedodd"><td><a href="#m5"><b>Buying_with_Invalid_input_PostalCode</b>  </a></td><td class="numi">2</td><td>1730214466717</td><td class="numi">5272</td></tr><tr class="failedodd"><td><a href="#m6"><b>Buying_with_Invalid_input_FirstName</b>  </a></td><td class="numi">2</td><td>1730214436659</td><td class="numi">5843</td></tr><tr class="failedodd"><td><a href="#m7"><b>Buying_with_Invalid_input_LastName</b>  </a></td><td class="numi">2</td><td>1730214451371</td><td class="numi">5916</td></tr><tr class="failedodd"><td><a href="#m8"><b>Buying_with_Invalid_input_LastName</b>  </a></td><td class="numi">2</td><td>1730214451371</td><td class="numi">5916</td></tr><tr class="failedodd"><td><a href="#m9"><b>Buying_with_Invalid_input_FirstName</b>  </a></td><td class="numi">2</td><td>1730214436659</td><td class="numi">5843</td></tr>
<tr><th colspan="5">Smoke Test &#8212; passed</th></tr>
<tr class="passedodd"><td>features.F01_login</td><td><a href="#m10"><b>InvalidInput</b>  </a></td><td class="numi">9</td><td>1730214377614</td><td class="numi">30476</td></tr>
<tr class="passedeven"><td>features.F03_ContinueBuyingProcess</td><td><a href="#m11"><b>Buying_with_Invalid_input_PostalCode</b>  </a></td><td class="numi">1</td><td>1730214461285</td><td class="numi">1007</td></tr>
<tr class="passedodd"><td>features.F02_Cart</td><td><a href="#m12"><b>AddAllItems</b>  </a></td><td class="numi">1</td><td>1730214411379</td><td class="numi">654</td></tr>
<tr class="passedeven"><td rowspan="2">features.F04_SocialMediaItems</td><td><a href="#m13"><b>SocialMedia_Li</b>  </a></td><td class="numi">1</td><td>1730214491995</td><td class="numi">2964</td></tr><tr class="passedeven"><td><a href="#m14"><b>SocialMedia_X</b>  </a></td><td class="numi">1</td><td>1730214475420</td><td class="numi">5925</td></tr>
<tr class="passedodd"><td rowspan="2">features.F01_login</td><td><a href="#m15"><b>InvalidInput</b>  </a></td><td class="numi">9</td><td>1730214377614</td><td class="numi">30476</td></tr><tr class="passedodd"><td><a href="#m16"><b>InvalidInput</b>  </a></td><td class="numi">9</td><td>1730214377614</td><td class="numi">30476</td></tr>
<tr class="passedeven"><td>features.F03_ContinueBuyingProcess</td><td><a href="#m17"><b>Buying_with_Invalid_input_LastName</b>  </a></td><td class="numi">1</td><td>1730214446300</td><td class="numi">998</td></tr>
<tr class="passedodd"><td>features.F02_Cart</td><td><a href="#m18"><b>AddRandomItem</b>  </a></td><td class="numi">1</td><td>1730214415336</td><td class="numi">442</td></tr>
<tr class="passedeven"><td>features.F06_FilteredSearch</td><td><a href="#m19"><b>FilterByIndex1</b>  </a></td><td class="numi">1</td><td>1730214536026</td><td class="numi">494</td></tr>
<tr class="passedodd"><td>features.F05_Menu_AllItems_About_LogOut_ResetAppState</td><td><a href="#m20"><b>LogOut</b>  </a></td><td class="numi">1</td><td>1730214498371</td><td class="numi">1528</td></tr>
<tr class="passedeven"><td rowspan="2">features.F06_FilteredSearch</td><td><a href="#m21"><b>FilterByIndex0</b>  </a></td><td class="numi">1</td><td>1730214532212</td><td class="numi">445</td></tr><tr class="passedeven"><td><a href="#m22"><b>FilterByIndex2</b>  </a></td><td class="numi">1</td><td>1730214540160</td><td class="numi">507</td></tr>
<tr class="passedodd"><td>features.F01_login</td><td><a href="#m23"><b>InvalidInput</b>  </a></td><td class="numi">9</td><td>1730214377614</td><td class="numi">30476</td></tr>
<tr class="passedeven"><td rowspan="2">features.F05_Menu_AllItems_About_LogOut_ResetAppState</td><td><a href="#m24"><b>Logout_then_login_again</b>  </a></td><td class="numi">1</td><td>1730214503142</td><td class="numi">2023</td></tr><tr class="passedeven"><td><a href="#m25"><b>ResetAppState</b>  </a></td><td class="numi">1</td><td>1730214527479</td><td class="numi">1487</td></tr>
<tr class="passedodd"><td>features.F01_login</td><td><a href="#m26"><b>ValidInput</b>  </a></td><td class="numi">5</td><td>1730214352144</td><td class="numi">22129</td></tr>
<tr class="passedeven"><td>features.F04_SocialMediaItems</td><td><a href="#m27"><b>SocialMedia_FB</b>  </a></td><td class="numi">1</td><td>1730214484626</td><td class="numi">3919</td></tr>
<tr class="passedodd"><td>features.F05_Menu_AllItems_About_LogOut_ResetAppState</td><td><a href="#m28"><b>AllItems</b>  </a></td><td class="numi">1</td><td>1730214508413</td><td class="numi">1510</td></tr>
<tr class="passedeven"><td>features.F01_login</td><td><a href="#m29"><b>InvalidInput</b>  </a></td><td class="numi">9</td><td>1730214377614</td><td class="numi">30476</td></tr>
<tr class="passedodd"><td>features.F03_ContinueBuyingProcess</td><td><a href="#m30"><b>Buying_with_Invalid_input_PostalCode</b>  </a></td><td class="numi">1</td><td>1730214461285</td><td class="numi">1007</td></tr>
<tr class="passedeven"><td rowspan="2">features.F01_login</td><td><a href="#m31"><b>InvalidInput</b>  </a></td><td class="numi">9</td><td>1730214377614</td><td class="numi">30476</td></tr><tr class="passedeven"><td><a href="#m32"><b>ValidInput</b>  </a></td><td class="numi">5</td><td>1730214352144</td><td class="numi">22129</td></tr>
<tr class="passedodd"><td>features.F03_ContinueBuyingProcess</td><td><a href="#m33"><b>Buying_with_Invalid_input_FirstName</b>  </a></td><td class="numi">1</td><td>1730214432392</td><td class="numi">1010</td></tr>
<tr class="passedeven"><td>features.F01_login</td><td><a href="#m34"><b>ValidInput</b>  </a></td><td class="numi">5</td><td>1730214352144</td><td class="numi">22129</td></tr>
<tr class="passedodd"><td>features.F02_Cart</td><td><a href="#m35"><b>DeleteAllItems</b>  </a></td><td class="numi">1</td><td>1730214419159</td><td class="numi">838</td></tr>
<tr class="passedeven"><td>features.F01_login</td><td><a href="#m36"><b>InvalidInput</b>  </a></td><td class="numi">9</td><td>1730214377614</td><td class="numi">30476</td></tr>
<tr class="passedodd"><td>features.F03_ContinueBuyingProcess</td><td><a href="#m37"><b>Buying_with_Invalid_input_PostalCode</b>  </a></td><td class="numi">1</td><td>1730214461285</td><td class="numi">1007</td></tr>
<tr class="passedeven"><td>features.F01_login</td><td><a href="#m38"><b>ValidInput</b>  </a></td><td class="numi">5</td><td>1730214352144</td><td class="numi">22129</td></tr>
<tr class="passedodd"><td rowspan="2">features.F03_ContinueBuyingProcess</td><td><a href="#m39"><b>Buying_with_Invalid_input_FirstName</b>  </a></td><td class="numi">1</td><td>1730214432392</td><td class="numi">1010</td></tr><tr class="passedodd"><td><a href="#m40"><b>Buying_with_valid_inputs</b>  </a></td><td class="numi">1</td><td>1730214427428</td><td class="numi">1541</td></tr>
<tr class="passedeven"><td rowspan="3">features.F01_login</td><td><a href="#m41"><b>InvalidInput</b>  </a></td><td class="numi">9</td><td>1730214377614</td><td class="numi">30476</td></tr><tr class="passedeven"><td><a href="#m42"><b>InvalidInput</b>  </a></td><td class="numi">9</td><td>1730214377614</td><td class="numi">30476</td></tr><tr class="passedeven"><td><a href="#m43"><b>ValidInput</b>  </a></td><td class="numi">5</td><td>1730214352144</td><td class="numi">22129</td></tr>
<tr class="passedodd"><td>features.F03_ContinueBuyingProcess</td><td><a href="#m44"><b>Buying_with_Invalid_input_LastName</b>  </a></td><td class="numi">1</td><td>1730214446300</td><td class="numi">998</td></tr>
<tr class="passedeven"><td>features.F06_FilteredSearch</td><td><a href="#m45"><b>FilterByIndex3</b>  </a></td><td class="numi">1</td><td>1730214543898</td><td class="numi">632</td></tr>
<tr class="passedodd"><td>features.F03_ContinueBuyingProcess</td><td><a href="#m46"><b>Buying_with_Invalid_input_LastName</b>  </a></td><td class="numi">1</td><td>1730214446300</td><td class="numi">998</td></tr>
<tr class="passedeven"><td>features.F05_Menu_AllItems_About_LogOut_ResetAppState</td><td><a href="#m47"><b>About</b>  </a></td><td class="numi">1</td><td>1730214513165</td><td class="numi">10945</td></tr>
<tr class="passedodd"><td>features.F02_Cart</td><td><a href="#m48"><b>RemoveRandomItem</b>  </a></td><td class="numi">1</td><td>1730214423576</td><td class="numi">516</td></tr>
<tr class="passedeven"><td>features.F03_ContinueBuyingProcess</td><td><a href="#m49"><b>Buying_with_Invalid_input_FirstName</b>  </a></td><td class="numi">1</td><td>1730214432392</td><td class="numi">1010</td></tr>
</table>
<h1>Smoke Test</h1>
<h2 id="m1">features.F03_ContinueBuyingProcess:Buying_with_Invalid_input_FirstName</h2>
<table cellspacing="0" cellpadding="0" class="result">
<tr class="param"><th>Parameter #1</th><th>Parameter #2</th><th>Parameter #3</th><th>Parameter #4</th><th>Parameter #5</th></tr>
<tr class="param stripe"><td>standard_user</td>
<td>secret_sauce</td>
<td>   </td>
<td>Ayman</td>
<td>1234</td>
</tr>
<tr><td colspan="5">
<div class="stacktrace">org.openqa.selenium.NoSuchElementException: no such element: Unable to locate element: {&quot;method&quot;:&quot;css selector&quot;,&quot;selector&quot;:&quot; h3[data-test=&quot;error&quot;]&quot;}
  (Session info: chrome=130.0.6723.70)
For documentation on this error, please visit: https://www.selenium.dev/documentation/webdriver/troubleshooting/errors#no-such-element-exception
Build info: version: &apos;4.24.0&apos;, revision: &apos;748ffc9bc3&apos;
System info: os.name: &apos;Windows 11&apos;, os.arch: &apos;amd64&apos;, os.version: &apos;10.0&apos;, java.version: &apos;22.0.2&apos;
Driver info: org.openqa.selenium.chrome.ChromeDriver
Command: [ac6adef73815a8c3024ccef7675c197d, findElement {value= h3[data-test=&quot;error&quot;], using=css selector}]
Capabilities {acceptInsecureCerts: false, browserName: chrome, browserVersion: 130.0.6723.70, chrome: {chromedriverVersion: 130.0.6723.69 (3ec172b971b9..., userDataDir: C:\WINDOWS\SystemTemp\scope...}, fedcm:accounts: true, goog:chromeOptions: {debuggerAddress: localhost:60949}, networkConnectionEnabled: false, pageLoadStrategy: normal, platformName: windows, proxy: Proxy(), se:cdp: ws://localhost:60949/devtoo..., se:cdpVersion: 130.0.6723.70, setWindowRect: true, strictFileInteractability: false, timeouts: {implicit: 0, pageLoad: 300000, script: 30000}, unhandledPromptBehavior: dismiss and notify, webauthn:extension:credBlob: true, webauthn:extension:largeBlob: true, webauthn:extension:minPinLength: true, webauthn:extension:prf: true, webauthn:virtualAuthenticators: true}
Session ID: ac6adef73815a8c3024ccef7675c197d
	at org.openqa.selenium.remote.ErrorCodec.decode(ErrorCodec.java:167)
	at org.openqa.selenium.remote.codec.w3c.W3CHttpResponseCodec.decode(W3CHttpResponseCodec.java:138)
	at org.openqa.selenium.remote.codec.w3c.W3CHttpResponseCodec.decode(W3CHttpResponseCodec.java:50)
	at org.openqa.selenium.remote.HttpCommandExecutor.execute(HttpCommandExecutor.java:190)
	at org.openqa.selenium.remote.service.DriverCommandExecutor.invokeExecute(DriverCommandExecutor.java:216)
	at org.openqa.selenium.remote.service.DriverCommandExecutor.execute(DriverCommandExecutor.java:174)
	at org.openqa.selenium.remote.RemoteWebDriver.execute(RemoteWebDriver.java:545)
	at org.openqa.selenium.remote.ElementLocation$ElementFinder$2.findElement(ElementLocation.java:165)
	at org.openqa.selenium.remote.ElementLocation.findElement(ElementLocation.java:59)
	at org.openqa.selenium.remote.RemoteWebDriver.findElement(RemoteWebDriver.java:368)
	at org.openqa.selenium.remote.RemoteWebDriver.findElement(RemoteWebDriver.java:362)
	at pages.CheckOut.GetErrorMsgLoc(CheckOut.java:30)
	at features.F03_ContinueBuyingProcess.Buying_with_Invalid_input_FirstName(F03_ContinueBuyingProcess.java:82)
	at java.base/java.util.ArrayList.forEach(ArrayList.java:1597)
	at com.intellij.rt.testng.IDEARemoteTestNG.run(IDEARemoteTestNG.java:65)
	at com.intellij.rt.testng.RemoteTestNGStarter.main(RemoteTestNGStarter.java:105)
... Removed 25 stack frames</div>
</td></tr>
</table>
<p class="totop"><a href="#summary">back to summary</a></p>
<h2 id="m2">features.F03_ContinueBuyingProcess:Buying_with_Invalid_input_LastName</h2>
<table cellspacing="0" cellpadding="0" class="result">
<tr class="param"><th>Parameter #1</th><th>Parameter #2</th><th>Parameter #3</th><th>Parameter #4</th><th>Parameter #5</th></tr>
<tr class="param stripe"><td>standard_user</td>
<td>secret_sauce</td>
<td>Mohamed</td>
<td>1234</td>
<td>1234</td>
</tr>
<tr><td colspan="5">
<div class="stacktrace">org.openqa.selenium.NoSuchElementException: no such element: Unable to locate element: {&quot;method&quot;:&quot;css selector&quot;,&quot;selector&quot;:&quot; h3[data-test=&quot;error&quot;]&quot;}
  (Session info: chrome=130.0.6723.70)
For documentation on this error, please visit: https://www.selenium.dev/documentation/webdriver/troubleshooting/errors#no-such-element-exception
Build info: version: &apos;4.24.0&apos;, revision: &apos;748ffc9bc3&apos;
System info: os.name: &apos;Windows 11&apos;, os.arch: &apos;amd64&apos;, os.version: &apos;10.0&apos;, java.version: &apos;22.0.2&apos;
Driver info: org.openqa.selenium.chrome.ChromeDriver
Command: [68bf2a91d7433e00d06590f368bf4217, findElement {value= h3[data-test=&quot;error&quot;], using=css selector}]
Capabilities {acceptInsecureCerts: false, browserName: chrome, browserVersion: 130.0.6723.70, chrome: {chromedriverVersion: 130.0.6723.69 (3ec172b971b9..., userDataDir: C:\WINDOWS\SystemTemp\scope...}, fedcm:accounts: true, goog:chromeOptions: {debuggerAddress: localhost:61069}, networkConnectionEnabled: false, pageLoadStrategy: normal, platformName: windows, proxy: Proxy(), se:cdp: ws://localhost:61069/devtoo..., se:cdpVersion: 130.0.6723.70, setWindowRect: true, strictFileInteractability: false, timeouts: {implicit: 0, pageLoad: 300000, script: 30000}, unhandledPromptBehavior: dismiss and notify, webauthn:extension:credBlob: true, webauthn:extension:largeBlob: true, webauthn:extension:minPinLength: true, webauthn:extension:prf: true, webauthn:virtualAuthenticators: true}
Session ID: 68bf2a91d7433e00d06590f368bf4217
	at org.openqa.selenium.remote.ErrorCodec.decode(ErrorCodec.java:167)
	at org.openqa.selenium.remote.codec.w3c.W3CHttpResponseCodec.decode(W3CHttpResponseCodec.java:138)
	at org.openqa.selenium.remote.codec.w3c.W3CHttpResponseCodec.decode(W3CHttpResponseCodec.java:50)
	at org.openqa.selenium.remote.HttpCommandExecutor.execute(HttpCommandExecutor.java:190)
	at org.openqa.selenium.remote.service.DriverCommandExecutor.invokeExecute(DriverCommandExecutor.java:216)
	at org.openqa.selenium.remote.service.DriverCommandExecutor.execute(DriverCommandExecutor.java:174)
	at org.openqa.selenium.remote.RemoteWebDriver.execute(RemoteWebDriver.java:545)
	at org.openqa.selenium.remote.ElementLocation$ElementFinder$2.findElement(ElementLocation.java:165)
	at org.openqa.selenium.remote.ElementLocation.findElement(ElementLocation.java:59)
	at org.openqa.selenium.remote.RemoteWebDriver.findElement(RemoteWebDriver.java:368)
	at org.openqa.selenium.remote.RemoteWebDriver.findElement(RemoteWebDriver.java:362)
	at pages.CheckOut.GetErrorMsgLoc(CheckOut.java:30)
	at features.F03_ContinueBuyingProcess.Buying_with_Invalid_input_LastName(F03_ContinueBuyingProcess.java:100)
	at java.base/java.util.ArrayList.forEach(ArrayList.java:1597)
	at com.intellij.rt.testng.IDEARemoteTestNG.run(IDEARemoteTestNG.java:65)
	at com.intellij.rt.testng.RemoteTestNGStarter.main(RemoteTestNGStarter.java:105)
... Removed 25 stack frames</div>
</td></tr>
</table>
<p class="totop"><a href="#summary">back to summary</a></p>
<h2 id="m3">features.F03_ContinueBuyingProcess:Buying_with_Invalid_input_FirstName</h2>
<table cellspacing="0" cellpadding="0" class="result">
<tr class="param"><th>Parameter #1</th><th>Parameter #2</th><th>Parameter #3</th><th>Parameter #4</th><th>Parameter #5</th></tr>
<tr class="param stripe"><td>standard_user</td>
<td>secret_sauce</td>
<td>1234</td>
<td>Ayman</td>
<td>1234</td>
</tr>
<tr><td colspan="5">
<div class="stacktrace">org.openqa.selenium.NoSuchElementException: no such element: Unable to locate element: {&quot;method&quot;:&quot;css selector&quot;,&quot;selector&quot;:&quot; h3[data-test=&quot;error&quot;]&quot;}
  (Session info: chrome=130.0.6723.70)
For documentation on this error, please visit: https://www.selenium.dev/documentation/webdriver/troubleshooting/errors#no-such-element-exception
Build info: version: &apos;4.24.0&apos;, revision: &apos;748ffc9bc3&apos;
System info: os.name: &apos;Windows 11&apos;, os.arch: &apos;amd64&apos;, os.version: &apos;10.0&apos;, java.version: &apos;22.0.2&apos;
Driver info: org.openqa.selenium.chrome.ChromeDriver
Command: [f889ec81c7efb13b2aa6862b00bfb775, findElement {value= h3[data-test=&quot;error&quot;], using=css selector}]
Capabilities {acceptInsecureCerts: false, browserName: chrome, browserVersion: 130.0.6723.70, chrome: {chromedriverVersion: 130.0.6723.69 (3ec172b971b9..., userDataDir: C:\WINDOWS\SystemTemp\scope...}, fedcm:accounts: true, goog:chromeOptions: {debuggerAddress: localhost:60979}, networkConnectionEnabled: false, pageLoadStrategy: normal, platformName: windows, proxy: Proxy(), se:cdp: ws://localhost:60979/devtoo..., se:cdpVersion: 130.0.6723.70, setWindowRect: true, strictFileInteractability: false, timeouts: {implicit: 0, pageLoad: 300000, script: 30000}, unhandledPromptBehavior: dismiss and notify, webauthn:extension:credBlob: true, webauthn:extension:largeBlob: true, webauthn:extension:minPinLength: true, webauthn:extension:prf: true, webauthn:virtualAuthenticators: true}
Session ID: f889ec81c7efb13b2aa6862b00bfb775
	at org.openqa.selenium.remote.ErrorCodec.decode(ErrorCodec.java:167)
	at org.openqa.selenium.remote.codec.w3c.W3CHttpResponseCodec.decode(W3CHttpResponseCodec.java:138)
	at org.openqa.selenium.remote.codec.w3c.W3CHttpResponseCodec.decode(W3CHttpResponseCodec.java:50)
	at org.openqa.selenium.remote.HttpCommandExecutor.execute(HttpCommandExecutor.java:190)
	at org.openqa.selenium.remote.service.DriverCommandExecutor.invokeExecute(DriverCommandExecutor.java:216)
	at org.openqa.selenium.remote.service.DriverCommandExecutor.execute(DriverCommandExecutor.java:174)
	at org.openqa.selenium.remote.RemoteWebDriver.execute(RemoteWebDriver.java:545)
	at org.openqa.selenium.remote.ElementLocation$ElementFinder$2.findElement(ElementLocation.java:165)
	at org.openqa.selenium.remote.ElementLocation.findElement(ElementLocation.java:59)
	at org.openqa.selenium.remote.RemoteWebDriver.findElement(RemoteWebDriver.java:368)
	at org.openqa.selenium.remote.RemoteWebDriver.findElement(RemoteWebDriver.java:362)
	at pages.CheckOut.GetErrorMsgLoc(CheckOut.java:30)
	at features.F03_ContinueBuyingProcess.Buying_with_Invalid_input_FirstName(F03_ContinueBuyingProcess.java:82)
	at java.base/java.util.ArrayList.forEach(ArrayList.java:1597)
	at com.intellij.rt.testng.IDEARemoteTestNG.run(IDEARemoteTestNG.java:65)
	at com.intellij.rt.testng.RemoteTestNGStarter.main(RemoteTestNGStarter.java:105)
... Removed 25 stack frames</div>
</td></tr>
</table>
<p class="totop"><a href="#summary">back to summary</a></p>
<h2 id="m4">features.F03_ContinueBuyingProcess:Buying_with_Invalid_input_LastName</h2>
<table cellspacing="0" cellpadding="0" class="result">
<tr class="param"><th>Parameter #1</th><th>Parameter #2</th><th>Parameter #3</th><th>Parameter #4</th><th>Parameter #5</th></tr>
<tr class="param stripe"><td>standard_user</td>
<td>secret_sauce</td>
<td>Mohamed</td>
<td>   </td>
<td>1234</td>
</tr>
<tr><td colspan="5">
<div class="stacktrace">org.openqa.selenium.NoSuchElementException: no such element: Unable to locate element: {&quot;method&quot;:&quot;css selector&quot;,&quot;selector&quot;:&quot; h3[data-test=&quot;error&quot;]&quot;}
  (Session info: chrome=130.0.6723.70)
For documentation on this error, please visit: https://www.selenium.dev/documentation/webdriver/troubleshooting/errors#no-such-element-exception
Build info: version: &apos;4.24.0&apos;, revision: &apos;748ffc9bc3&apos;
System info: os.name: &apos;Windows 11&apos;, os.arch: &apos;amd64&apos;, os.version: &apos;10.0&apos;, java.version: &apos;22.0.2&apos;
Driver info: org.openqa.selenium.chrome.ChromeDriver
Command: [b632100c90223837c4f45cd6ced3f04b, findElement {value= h3[data-test=&quot;error&quot;], using=css selector}]
Capabilities {acceptInsecureCerts: false, browserName: chrome, browserVersion: 130.0.6723.70, chrome: {chromedriverVersion: 130.0.6723.69 (3ec172b971b9..., userDataDir: C:\WINDOWS\SystemTemp\scope...}, fedcm:accounts: true, goog:chromeOptions: {debuggerAddress: localhost:61039}, networkConnectionEnabled: false, pageLoadStrategy: normal, platformName: windows, proxy: Proxy(), se:cdp: ws://localhost:61039/devtoo..., se:cdpVersion: 130.0.6723.70, setWindowRect: true, strictFileInteractability: false, timeouts: {implicit: 0, pageLoad: 300000, script: 30000}, unhandledPromptBehavior: dismiss and notify, webauthn:extension:credBlob: true, webauthn:extension:largeBlob: true, webauthn:extension:minPinLength: true, webauthn:extension:prf: true, webauthn:virtualAuthenticators: true}
Session ID: b632100c90223837c4f45cd6ced3f04b
	at org.openqa.selenium.remote.ErrorCodec.decode(ErrorCodec.java:167)
	at org.openqa.selenium.remote.codec.w3c.W3CHttpResponseCodec.decode(W3CHttpResponseCodec.java:138)
	at org.openqa.selenium.remote.codec.w3c.W3CHttpResponseCodec.decode(W3CHttpResponseCodec.java:50)
	at org.openqa.selenium.remote.HttpCommandExecutor.execute(HttpCommandExecutor.java:190)
	at org.openqa.selenium.remote.service.DriverCommandExecutor.invokeExecute(DriverCommandExecutor.java:216)
	at org.openqa.selenium.remote.service.DriverCommandExecutor.execute(DriverCommandExecutor.java:174)
	at org.openqa.selenium.remote.RemoteWebDriver.execute(RemoteWebDriver.java:545)
	at org.openqa.selenium.remote.ElementLocation$ElementFinder$2.findElement(ElementLocation.java:165)
	at org.openqa.selenium.remote.ElementLocation.findElement(ElementLocation.java:59)
	at org.openqa.selenium.remote.RemoteWebDriver.findElement(RemoteWebDriver.java:368)
	at org.openqa.selenium.remote.RemoteWebDriver.findElement(RemoteWebDriver.java:362)
	at pages.CheckOut.GetErrorMsgLoc(CheckOut.java:30)
	at features.F03_ContinueBuyingProcess.Buying_with_Invalid_input_LastName(F03_ContinueBuyingProcess.java:100)
	at java.base/java.util.ArrayList.forEach(ArrayList.java:1597)
	at com.intellij.rt.testng.IDEARemoteTestNG.run(IDEARemoteTestNG.java:65)
	at com.intellij.rt.testng.RemoteTestNGStarter.main(RemoteTestNGStarter.java:105)
... Removed 25 stack frames</div>
</td></tr>
</table>
<p class="totop"><a href="#summary">back to summary</a></p>
<h2 id="m5">features.F03_ContinueBuyingProcess:Buying_with_Invalid_input_PostalCode</h2>
<table cellspacing="0" cellpadding="0" class="result">
<tr class="param"><th>Parameter #1</th><th>Parameter #2</th><th>Parameter #3</th><th>Parameter #4</th><th>Parameter #5</th></tr>
<tr class="param stripe"><td>standard_user</td>
<td>secret_sauce</td>
<td>Mohamed</td>
<td>Ayman</td>
<td>  </td>
</tr>
<tr><td colspan="5">
<div class="stacktrace">org.openqa.selenium.NoSuchElementException: no such element: Unable to locate element: {&quot;method&quot;:&quot;css selector&quot;,&quot;selector&quot;:&quot; h3[data-test=&quot;error&quot;]&quot;}
  (Session info: chrome=130.0.6723.70)
For documentation on this error, please visit: https://www.selenium.dev/documentation/webdriver/troubleshooting/errors#no-such-element-exception
Build info: version: &apos;4.24.0&apos;, revision: &apos;748ffc9bc3&apos;
System info: os.name: &apos;Windows 11&apos;, os.arch: &apos;amd64&apos;, os.version: &apos;10.0&apos;, java.version: &apos;22.0.2&apos;
Driver info: org.openqa.selenium.chrome.ChromeDriver
Command: [483ac169276b52565ae6ae8598add069, findElement {value= h3[data-test=&quot;error&quot;], using=css selector}]
Capabilities {acceptInsecureCerts: false, browserName: chrome, browserVersion: 130.0.6723.70, chrome: {chromedriverVersion: 130.0.6723.69 (3ec172b971b9..., userDataDir: C:\WINDOWS\SystemTemp\scope...}, fedcm:accounts: true, goog:chromeOptions: {debuggerAddress: localhost:61125}, networkConnectionEnabled: false, pageLoadStrategy: normal, platformName: windows, proxy: Proxy(), se:cdp: ws://localhost:61125/devtoo..., se:cdpVersion: 130.0.6723.70, setWindowRect: true, strictFileInteractability: false, timeouts: {implicit: 0, pageLoad: 300000, script: 30000}, unhandledPromptBehavior: dismiss and notify, webauthn:extension:credBlob: true, webauthn:extension:largeBlob: true, webauthn:extension:minPinLength: true, webauthn:extension:prf: true, webauthn:virtualAuthenticators: true}
Session ID: 483ac169276b52565ae6ae8598add069
	at org.openqa.selenium.remote.ErrorCodec.decode(ErrorCodec.java:167)
	at org.openqa.selenium.remote.codec.w3c.W3CHttpResponseCodec.decode(W3CHttpResponseCodec.java:138)
	at org.openqa.selenium.remote.codec.w3c.W3CHttpResponseCodec.decode(W3CHttpResponseCodec.java:50)
	at org.openqa.selenium.remote.HttpCommandExecutor.execute(HttpCommandExecutor.java:190)
	at org.openqa.selenium.remote.service.DriverCommandExecutor.invokeExecute(DriverCommandExecutor.java:216)
	at org.openqa.selenium.remote.service.DriverCommandExecutor.execute(DriverCommandExecutor.java:174)
	at org.openqa.selenium.remote.RemoteWebDriver.execute(RemoteWebDriver.java:545)
	at org.openqa.selenium.remote.ElementLocation$ElementFinder$2.findElement(ElementLocation.java:165)
	at org.openqa.selenium.remote.ElementLocation.findElement(ElementLocation.java:59)
	at org.openqa.selenium.remote.RemoteWebDriver.findElement(RemoteWebDriver.java:368)
	at org.openqa.selenium.remote.RemoteWebDriver.findElement(RemoteWebDriver.java:362)
	at pages.CheckOut.GetErrorMsgLoc(CheckOut.java:30)
	at features.F03_ContinueBuyingProcess.Buying_with_Invalid_input_PostalCode(F03_ContinueBuyingProcess.java:118)
	at java.base/java.util.ArrayList.forEach(ArrayList.java:1597)
	at com.intellij.rt.testng.IDEARemoteTestNG.run(IDEARemoteTestNG.java:65)
	at com.intellij.rt.testng.RemoteTestNGStarter.main(RemoteTestNGStarter.java:105)
... Removed 25 stack frames</div>
</td></tr>
</table>
<p class="totop"><a href="#summary">back to summary</a></p>
<h2 id="m6">features.F03_ContinueBuyingProcess:Buying_with_Invalid_input_PostalCode</h2>
<table cellspacing="0" cellpadding="0" class="result">
<tr class="param"><th>Parameter #1</th><th>Parameter #2</th><th>Parameter #3</th><th>Parameter #4</th><th>Parameter #5</th></tr>
<tr class="param stripe"><td>standard_user</td>
<td>secret_sauce</td>
<td>Mohamed</td>
<td>Ayman</td>
<td>mohamed</td>
</tr>
<tr><td colspan="5">
<div class="stacktrace">org.openqa.selenium.NoSuchElementException: no such element: Unable to locate element: {&quot;method&quot;:&quot;css selector&quot;,&quot;selector&quot;:&quot; h3[data-test=&quot;error&quot;]&quot;}
  (Session info: chrome=130.0.6723.70)
For documentation on this error, please visit: https://www.selenium.dev/documentation/webdriver/troubleshooting/errors#no-such-element-exception
Build info: version: &apos;4.24.0&apos;, revision: &apos;748ffc9bc3&apos;
System info: os.name: &apos;Windows 11&apos;, os.arch: &apos;amd64&apos;, os.version: &apos;10.0&apos;, java.version: &apos;22.0.2&apos;
Driver info: org.openqa.selenium.chrome.ChromeDriver
Command: [5216343dc8d2a33f7f794a097799d702, findElement {value= h3[data-test=&quot;error&quot;], using=css selector}]
Capabilities {acceptInsecureCerts: false, browserName: chrome, browserVersion: 130.0.6723.70, chrome: {chromedriverVersion: 130.0.6723.69 (3ec172b971b9..., userDataDir: C:\WINDOWS\SystemTemp\scope...}, fedcm:accounts: true, goog:chromeOptions: {debuggerAddress: localhost:61156}, networkConnectionEnabled: false, pageLoadStrategy: normal, platformName: windows, proxy: Proxy(), se:cdp: ws://localhost:61156/devtoo..., se:cdpVersion: 130.0.6723.70, setWindowRect: true, strictFileInteractability: false, timeouts: {implicit: 0, pageLoad: 300000, script: 30000}, unhandledPromptBehavior: dismiss and notify, webauthn:extension:credBlob: true, webauthn:extension:largeBlob: true, webauthn:extension:minPinLength: true, webauthn:extension:prf: true, webauthn:virtualAuthenticators: true}
Session ID: 5216343dc8d2a33f7f794a097799d702
	at org.openqa.selenium.remote.ErrorCodec.decode(ErrorCodec.java:167)
	at org.openqa.selenium.remote.codec.w3c.W3CHttpResponseCodec.decode(W3CHttpResponseCodec.java:138)
	at org.openqa.selenium.remote.codec.w3c.W3CHttpResponseCodec.decode(W3CHttpResponseCodec.java:50)
	at org.openqa.selenium.remote.HttpCommandExecutor.execute(HttpCommandExecutor.java:190)
	at org.openqa.selenium.remote.service.DriverCommandExecutor.invokeExecute(DriverCommandExecutor.java:216)
	at org.openqa.selenium.remote.service.DriverCommandExecutor.execute(DriverCommandExecutor.java:174)
	at org.openqa.selenium.remote.RemoteWebDriver.execute(RemoteWebDriver.java:545)
	at org.openqa.selenium.remote.ElementLocation$ElementFinder$2.findElement(ElementLocation.java:165)
	at org.openqa.selenium.remote.ElementLocation.findElement(ElementLocation.java:59)
	at org.openqa.selenium.remote.RemoteWebDriver.findElement(RemoteWebDriver.java:368)
	at org.openqa.selenium.remote.RemoteWebDriver.findElement(RemoteWebDriver.java:362)
	at pages.CheckOut.GetErrorMsgLoc(CheckOut.java:30)
	at features.F03_ContinueBuyingProcess.Buying_with_Invalid_input_PostalCode(F03_ContinueBuyingProcess.java:118)
	at java.base/java.util.ArrayList.forEach(ArrayList.java:1597)
	at com.intellij.rt.testng.IDEARemoteTestNG.run(IDEARemoteTestNG.java:65)
	at com.intellij.rt.testng.RemoteTestNGStarter.main(RemoteTestNGStarter.java:105)
... Removed 25 stack frames</div>
</td></tr>
</table>
<p class="totop"><a href="#summary">back to summary</a></p>
<h2 id="m7">features.F01_login:InvalidInput</h2>
<table cellspacing="0" cellpadding="0" class="result">
<tr class="param"><th>Parameter #1</th><th>Parameter #2</th></tr>
<tr class="param stripe"><td>standard_user</td>
<td>1234</td>
</tr>
</table>
<p class="totop"><a href="#summary">back to summary</a></p>
<h2 id="m8">features.F01_login:InvalidInput</h2>
<table cellspacing="0" cellpadding="0" class="result">
<tr class="param"><th>Parameter #1</th><th>Parameter #2</th></tr>
<tr class="param stripe"><td></td>
<td>secret_sauce</td>
</tr>
</table>
<p class="totop"><a href="#summary">back to summary</a></p>
<h2 id="m9">features.F03_ContinueBuyingProcess:Buying_with_Invalid_input_PostalCode</h2>
<table cellspacing="0" cellpadding="0" class="result">
<tr class="param"><th>Parameter #1</th><th>Parameter #2</th><th>Parameter #3</th><th>Parameter #4</th><th>Parameter #5</th></tr>
<tr class="param stripe"><td>standard_user</td>
<td>secret_sauce</td>
<td>Mohamed</td>
<td>Ayman</td>
<td></td>
</tr>
</table>
<p class="totop"><a href="#summary">back to summary</a></p>
<h2 id="m10">features.F02_Cart:DeleteAllItems</h2>
<table cellspacing="0" cellpadding="0" class="result">
<tr class="param"><th>Parameter #1</th><th>Parameter #2</th></tr>
<tr class="param stripe"><td>standard_user</td>
<td>secret_sauce</td>
</tr>
</table>
<p class="totop"><a href="#summary">back to summary</a></p>
<h2 id="m11">features.F06_FilteredSearch:FilterByIndex2</h2>
<table cellspacing="0" cellpadding="0" class="result">
<tr class="param"><th>Parameter #1</th><th>Parameter #2</th></tr>
<tr class="param stripe"><td>standard_user</td>
<td>secret_sauce</td>
</tr>
</table>
<p class="totop"><a href="#summary">back to summary</a></p>
<h2 id="m12">features.F01_login:InvalidInput</h2>
<table cellspacing="0" cellpadding="0" class="result">
<tr class="param"><th>Parameter #1</th><th>Parameter #2</th></tr>
<tr class="param stripe"><td>1234</td>
<td>1234</td>
</tr>
</table>
<p class="totop"><a href="#summary">back to summary</a></p>
<h2 id="m13">features.F05_Menu_AllItems_About_LogOut_ResetAppState:Logout_then_login_again</h2>
<table cellspacing="0" cellpadding="0" class="result">
<tr class="param"><th>Parameter #1</th><th>Parameter #2</th></tr>
<tr class="param stripe"><td>standard_user</td>
<td>secret_sauce</td>
</tr>
</table>
<p class="totop"><a href="#summary">back to summary</a></p>
<h2 id="m14">features.F02_Cart:AddAllItems</h2>
<table cellspacing="0" cellpadding="0" class="result">
<tr class="param"><th>Parameter #1</th><th>Parameter #2</th></tr>
<tr class="param stripe"><td>standard_user</td>
<td>secret_sauce</td>
</tr>
</table>
<p class="totop"><a href="#summary">back to summary</a></p>
<h2 id="m15">features.F01_login:InvalidInput</h2>
<table cellspacing="0" cellpadding="0" class="result">
<tr class="param"><th>Parameter #1</th><th>Parameter #2</th></tr>
<tr class="param stripe"><td>MohamedAyman</td>
<td>secret_sauce</td>
</tr>
</table>
<p class="totop"><a href="#summary">back to summary</a></p>
<h2 id="m16">features.F05_Menu_AllItems_About_LogOut_ResetAppState:ResetAppState</h2>
<table cellspacing="0" cellpadding="0" class="result">
<tr class="param"><th>Parameter #1</th><th>Parameter #2</th></tr>
<tr class="param stripe"><td>standard_user</td>
<td>secret_sauce</td>
</tr>
</table>
<p class="totop"><a href="#summary">back to summary</a></p>
<h2 id="m17">features.F01_login:ValidInput</h2>
<table cellspacing="0" cellpadding="0" class="result">
<tr class="param"><th>Parameter #1</th><th>Parameter #2</th></tr>
<tr class="param stripe"><td>standard_user</td>
<td>secret_sauce</td>
</tr>
</table>
<p class="totop"><a href="#summary">back to summary</a></p>
<h2 id="m18">features.F04_SocialMediaItems:SocialMedia_Li</h2>
<table cellspacing="0" cellpadding="0" class="result">
<tr class="param"><th>Parameter #1</th><th>Parameter #2</th></tr>
<tr class="param stripe"><td>standard_user</td>
<td>secret_sauce</td>
</tr>
</table>
<p class="totop"><a href="#summary">back to summary</a></p>
<h2 id="m19">features.F01_login:ValidInput</h2>
<table cellspacing="0" cellpadding="0" class="result">
<tr class="param"><th>Parameter #1</th><th>Parameter #2</th></tr>
<tr class="param stripe"><td>visual_user</td>
<td>secret_sauce</td>
</tr>
</table>
<p class="totop"><a href="#summary">back to summary</a></p>
<h2 id="m20">features.F04_SocialMediaItems:SocialMedia_X</h2>
<table cellspacing="0" cellpadding="0" class="result">
<tr class="param"><th>Parameter #1</th><th>Parameter #2</th></tr>
<tr class="param stripe"><td>standard_user</td>
<td>secret_sauce</td>
</tr>
</table>
<p class="totop"><a href="#summary">back to summary</a></p>
<h2 id="m21">features.F01_login:InvalidInput</h2>
<table cellspacing="0" cellpadding="0" class="result">
<tr class="param"><th>Parameter #1</th><th>Parameter #2</th></tr>
<tr class="param stripe"><td>standard_user</td>
<td></td>
</tr>
</table>
<p class="totop"><a href="#summary">back to summary</a></p>
<h2 id="m22">features.F01_login:InvalidInput</h2>
<table cellspacing="0" cellpadding="0" class="result">
<tr class="param"><th>Parameter #1</th><th>Parameter #2</th></tr>
<tr class="param stripe"><td>standard_user</td>
<td>   </td>
</tr>
</table>
<p class="totop"><a href="#summary">back to summary</a></p>
<h2 id="m23">features.F03_ContinueBuyingProcess:Buying_with_Invalid_input_LastName</h2>
<table cellspacing="0" cellpadding="0" class="result">
<tr class="param"><th>Parameter #1</th><th>Parameter #2</th><th>Parameter #3</th><th>Parameter #4</th><th>Parameter #5</th></tr>
<tr class="param stripe"><td>standard_user</td>
<td>secret_sauce</td>
<td>Mohamed</td>
<td></td>
<td>1234</td>
</tr>
</table>
<p class="totop"><a href="#summary">back to summary</a></p>
<h2 id="m24">features.F06_FilteredSearch:FilterByIndex3</h2>
<table cellspacing="0" cellpadding="0" class="result">
<tr class="param"><th>Parameter #1</th><th>Parameter #2</th></tr>
<tr class="param stripe"><td>standard_user</td>
<td>secret_sauce</td>
</tr>
</table>
<p class="totop"><a href="#summary">back to summary</a></p>
<h2 id="m25">features.F01_login:InvalidInput</h2>
<table cellspacing="0" cellpadding="0" class="result">
<tr class="param"><th>Parameter #1</th><th>Parameter #2</th></tr>
<tr class="param stripe"><td>   </td>
<td>secret_sauce</td>
</tr>
</table>
<p class="totop"><a href="#summary">back to summary</a></p>
<h2 id="m26">features.F04_SocialMediaItems:SocialMedia_FB</h2>
<table cellspacing="0" cellpadding="0" class="result">
<tr class="param"><th>Parameter #1</th><th>Parameter #2</th></tr>
<tr class="param stripe"><td>standard_user</td>
<td>secret_sauce</td>
</tr>
</table>
<p class="totop"><a href="#summary">back to summary</a></p>
<h2 id="m27">features.F05_Menu_AllItems_About_LogOut_ResetAppState:AllItems</h2>
<table cellspacing="0" cellpadding="0" class="result">
<tr class="param"><th>Parameter #1</th><th>Parameter #2</th></tr>
<tr class="param stripe"><td>standard_user</td>
<td>secret_sauce</td>
</tr>
</table>
<p class="totop"><a href="#summary">back to summary</a></p>
<h2 id="m28">features.F01_login:InvalidInput</h2>
<table cellspacing="0" cellpadding="0" class="result">
<tr class="param"><th>Parameter #1</th><th>Parameter #2</th></tr>
<tr class="param stripe"><td>locked_out_user</td>
<td>secret_sauce</td>
</tr>
</table>
<p class="totop"><a href="#summary">back to summary</a></p>
<h2 id="m29">features.F05_Menu_AllItems_About_LogOut_ResetAppState:About</h2>
<table cellspacing="0" cellpadding="0" class="result">
<tr class="param"><th>Parameter #1</th><th>Parameter #2</th></tr>
<tr class="param stripe"><td>standard_user</td>
<td>secret_sauce</td>
</tr>
</table>
<p class="totop"><a href="#summary">back to summary</a></p>
<h2 id="m30">features.F01_login:InvalidInput</h2>
<table cellspacing="0" cellpadding="0" class="result">
<tr class="param"><th>Parameter #1</th><th>Parameter #2</th></tr>
<tr class="param stripe"><td></td>
<td></td>
</tr>
</table>
<p class="totop"><a href="#summary">back to summary</a></p>
<h2 id="m31">features.F02_Cart:RemoveRandomItem</h2>
<table cellspacing="0" cellpadding="0" class="result">
<tr class="param"><th>Parameter #1</th><th>Parameter #2</th></tr>
<tr class="param stripe"><td>standard_user</td>
<td>secret_sauce</td>
</tr>
</table>
<p class="totop"><a href="#summary">back to summary</a></p>
<h2 id="m32">features.F01_login:ValidInput</h2>
<table cellspacing="0" cellpadding="0" class="result">
<tr class="param"><th>Parameter #1</th><th>Parameter #2</th></tr>
<tr class="param stripe"><td>error_user</td>
<td>secret_sauce</td>
</tr>
</table>
<p class="totop"><a href="#summary">back to summary</a></p>
<h2 id="m33">features.F03_ContinueBuyingProcess:Buying_with_Invalid_input_FirstName</h2>
<table cellspacing="0" cellpadding="0" class="result">
<tr class="param"><th>Parameter #1</th><th>Parameter #2</th><th>Parameter #3</th><th>Parameter #4</th><th>Parameter #5</th></tr>
<tr class="param stripe"><td>standard_user</td>
<td>secret_sauce</td>
<td></td>
<td>Ayman</td>
<td>1234</td>
</tr>
</table>
<p class="totop"><a href="#summary">back to summary</a></p>
<h2 id="m34">features.F02_Cart:AddRandomItem</h2>
<table cellspacing="0" cellpadding="0" class="result">
<tr class="param"><th>Parameter #1</th><th>Parameter #2</th></tr>
<tr class="param stripe"><td>standard_user</td>
<td>secret_sauce</td>
</tr>
</table>
<p class="totop"><a href="#summary">back to summary</a></p>
<h2 id="m35">features.F01_login:ValidInput</h2>
<table cellspacing="0" cellpadding="0" class="result">
<tr class="param"><th>Parameter #1</th><th>Parameter #2</th></tr>
<tr class="param stripe"><td>performance_glitch_user</td>
<td>secret_sauce</td>
</tr>
</table>
<p class="totop"><a href="#summary">back to summary</a></p>
<h2 id="m36">features.F06_FilteredSearch:FilterByIndex1</h2>
<table cellspacing="0" cellpadding="0" class="result">
<tr class="param"><th>Parameter #1</th><th>Parameter #2</th></tr>
<tr class="param stripe"><td>standard_user</td>
<td>secret_sauce</td>
</tr>
</table>
<p class="totop"><a href="#summary">back to summary</a></p>
<h2 id="m37">features.F03_ContinueBuyingProcess:Buying_with_valid_inputs</h2>
<table cellspacing="0" cellpadding="0" class="result">
<tr class="param"><th>Parameter #1</th><th>Parameter #2</th><th>Parameter #3</th><th>Parameter #4</th><th>Parameter #5</th></tr>
<tr class="param stripe"><td>standard_user</td>
<td>secret_sauce</td>
<td>Mohamed</td>
<td>Ayman</td>
<td>1234</td>
</tr>
</table>
<p class="totop"><a href="#summary">back to summary</a></p>
<h2 id="m38">features.F01_login:ValidInput</h2>
<table cellspacing="0" cellpadding="0" class="result">
<tr class="param"><th>Parameter #1</th><th>Parameter #2</th></tr>
<tr class="param stripe"><td>problem_user</td>
<td>secret_sauce</td>
</tr>
</table>
<p class="totop"><a href="#summary">back to summary</a></p>
<h2 id="m39">features.F05_Menu_AllItems_About_LogOut_ResetAppState:LogOut</h2>
<table cellspacing="0" cellpadding="0" class="result">
<tr class="param"><th>Parameter #1</th><th>Parameter #2</th></tr>
<tr class="param stripe"><td>standard_user</td>
<td>secret_sauce</td>
</tr>
</table>
<p class="totop"><a href="#summary">back to summary</a></p>
<h2 id="m40">features.F06_FilteredSearch:FilterByIndex0</h2>
<table cellspacing="0" cellpadding="0" class="result">
<tr class="param"><th>Parameter #1</th><th>Parameter #2</th></tr>
<tr class="param stripe"><td>standard_user</td>
<td>secret_sauce</td>
</tr>
</table>
<p class="totop"><a href="#summary">back to summary</a></p>
</body></html>
